<?xml version="1.0" encoding="UTF-8"?>
<!-- Generated by org.testng.reporters.JUnitReportReporter -->
<testsuite skipped="0" hostname="AjithL" name="jsonObject.DataDrivenUsingJsonObject" tests="1" failures="0" timestamp="2021-03-01T10:54:41 IST" time="40.989" errors="0">
  <testcase name="logindata" time="40.989" classname="jsonObject.DataDrivenUsingJsonObject"/>
</testsuite> <!-- jsonObject.DataDrivenUsingJsonObject -->
